<?xml version="1.0" encoding="UTF-8"?>
<testsuite xmlns:xsi="http://www.w3.org/2001/XMLSchema-instance" xsi:noNamespaceSchemaLocation="https://maven.apache.org/surefire/maven-surefire-plugin/xsd/surefire-test-report-3.0.xsd" version="3.0" name="diaballik.GameElements.GameBoardTest" time="0.075" tests="7" errors="0" skipped="0" failures="0">
  <properties>
[...]
</properties>
  <testcase name="constructor" classname="diaballik.GameElements.GameBoardTest" time="0.054"/>
  <testcase name="addUndo" classname="diaballik.GameElements.GameBoardTest" time="0"/>
  <testcase name="getPawn" classname="diaballik.GameElements.GameBoardTest" time="0"/>
  <testcase name="move" classname="diaballik.GameElements.GameBoardTest" time="0"/>
  <testcase name="redo" classname="diaballik.GameElements.GameBoardTest" time="0.001"/>
  <testcase name="undo" classname="diaballik.GameElements.GameBoardTest" time="0.001"/>
  <testcase name="canMove" classname="diaballik.GameElements.GameBoardTest" time="0.011"/>
</testsuite>